<?xml version="1.0" encoding="UTF-8"?>
<!-- Generated by org.testng.reporters.JUnitReportReporter -->
<testsuite hostname="SANGEETHA-PC" failures="0" tests="17" name="test.RegisterTest" time="178.228" errors="0" timestamp="2022-04-27T00:10:43 IST" skipped="0">
  <testcase classname="test.RegisterTest" name="register" time="12.921"/>
  <system-out/>
  <testcase classname="test.RegisterTest" name="registerFillFormFirstName" time="10.153"/>
  <system-out/>
  <testcase classname="test.RegisterTest" name="registerFillFormLastName" time="10.180"/>
  <system-out/>
  <testcase classname="test.RegisterTest" name="registerFillFormEmail" time="10.202"/>
  <system-out/>
  <testcase classname="test.RegisterTest" name="registerFillFormTelephone" time="10.165"/>
  <system-out/>
  <testcase classname="test.RegisterTest" name="registerFillFormFax" time="10.162"/>
  <system-out/>
  <testcase classname="test.RegisterTest" name="registerFillFormCompany" time="10.279"/>
  <system-out/>
  <testcase classname="test.RegisterTest" name="registerFillFormAddress1" time="10.164"/>
  <system-out/>
  <testcase classname="test.RegisterTest" name="registerFillFormAddress2" time="10.189"/>
  <system-out/>
  <testcase classname="test.RegisterTest" name="registerFillFormCity" time="10.173"/>
  <system-out/>
  <testcase classname="test.RegisterTest" name="registerFillFormPostalCode" time="10.197"/>
  <system-out/>
  <testcase classname="test.RegisterTest" name="registerFillFormCountry" time="10.298"/>
  <system-out/>
  <testcase classname="test.RegisterTest" name="registerFillFormPassword" time="10.144"/>
  <system-out/>
  <testcase classname="test.RegisterTest" name="registerFillFormConfirmPassword" time="10.198"/>
  <system-out/>
  <testcase classname="test.RegisterTest" name="newsletterSubscribe" time="10.163"/>
  <system-out/>
  <testcase classname="test.RegisterTest" name="agreeChkBox" time="10.101"/>
  <system-out/>
  <testcase classname="test.RegisterTest" name="continueBtn" time="12.539"/>
  <system-out/>
</testsuite> <!-- test.RegisterTest -->
